<?xml version="1.0" encoding="UTF-8"?>
<coverage generated="1626202507745" clover="3.2.0">
  <project timestamp="1626202507745" name="All files">
    <metrics statements="11" coveredstatements="11" conditionals="4" coveredconditionals="4" methods="3" coveredmethods="3" elements="18" coveredelements="18" complexity="0" loc="11" ncloc="11" packages="1" files="2" classes="2"/>
    <file name="filter.js" path="C:\Users\reubb\Desktop\Nova pasta\tests\filter.js">
      <metrics statements="6" coveredstatements="6" conditionals="2" coveredconditionals="2" methods="1" coveredmethods="1"/>
      <line num="3" count="1" type="stmt"/>
      <line num="4" count="5" type="stmt"/>
      <line num="5" count="5" type="stmt"/>
      <line num="6" count="19" type="cond" truecount="2" falsecount="0"/>
      <line num="7" count="14" type="stmt"/>
      <line num="10" count="5" type="stmt"/>
    </file>
    <file name="map.js" path="C:\Users\reubb\Desktop\Nova pasta\tests\map.js">
      <metrics statements="5" coveredstatements="5" conditionals="2" coveredconditionals="2" methods="2" coveredmethods="2"/>
      <line num="1" count="2" type="cond" truecount="2" falsecount="0"/>
      <line num="3" count="8" type="stmt"/>
      <line num="4" count="8" type="stmt"/>
      <line num="5" count="14" type="stmt"/>
      <line num="6" count="8" type="stmt"/>
    </file>
  </project>
</coverage>
