{"C:\\Users\\reubb\\Desktop\\Nova pasta\\tests\\filter.js": {"path":"C:\\Users\\reubb\\Desktop\\Nova pasta\\tests\\filter.js","statementMap":{"0":{"start":{"line":3,"column":22},"end":{"line":11,"column":1}},"1":{"start":{"line":4,"column":15},"end":{"line":4,"column":17}},"2":{"start":{"line":5,"column":2},"end":{"line":9,"column":3}},"3":{"start":{"line":5,"column":19},"end":{"line":5,"column":20}},"4":{"start":{"line":6,"column":4},"end":{"line":8,"column":5}},"5":{"start":{"line":7,"column":6},"end":{"line":7,"column":29}},"6":{"start":{"line":10,"column":2},"end":{"line":10,"column":15}}},"fnMap":{"0":{"name":"(anonymous_0)","decl":{"start":{"line":3,"column":22},"end":{"line":3,"column":23}},"loc":{"start":{"line":3,"column":37},"end":{"line":11,"column":1}},"line":3}},"branchMap":{"0":{"loc":{"start":{"line":6,"column":4},"end":{"line":8,"column":5}},"type":"if","locations":[{"start":{"line":6,"column":4},"end":{"line":8,"column":5}},{"start":{"line":6,"column":4},"end":{"line":8,"column":5}}],"line":6}},"s":{"0":1,"1":5,"2":5,"3":5,"4":19,"5":14,"6":5},"f":{"0":5},"b":{"0":[14,5]},"_coverageSchema":"1a1c01bbd47fc00a2c39e90264f33305004495a9","hash":"3230552555a04985482294f02593139cb0939145"}
,"C:\\Users\\reubb\\Desktop\\Nova pasta\\tests\\map.js": {"path":"C:\\Users\\reubb\\Desktop\\Nova pasta\\tests\\map.js","statementMap":{"0":{"start":{"line":1,"column":19},"end":{"line":7,"column":1}},"1":{"start":{"line":1,"column":47},"end":{"line":1,"column":51}},"2":{"start":{"line":3,"column":15},"end":{"line":3,"column":17}},"3":{"start":{"line":4,"column":2},"end":{"line":5,"column":45}},"4":{"start":{"line":4,"column":19},"end":{"line":4,"column":20}},"5":{"start":{"line":5,"column":4},"end":{"line":5,"column":45}},"6":{"start":{"line":6,"column":2},"end":{"line":6,"column":15}}},"fnMap":{"0":{"name":"(anonymous_0)","decl":{"start":{"line":1,"column":19},"end":{"line":1,"column":20}},"loc":{"start":{"line":1,"column":56},"end":{"line":7,"column":1}},"line":1},"1":{"name":"(anonymous_1)","decl":{"start":{"line":1,"column":37},"end":{"line":1,"column":38}},"loc":{"start":{"line":1,"column":47},"end":{"line":1,"column":51}},"line":1}},"branchMap":{"0":{"loc":{"start":{"line":1,"column":20},"end":{"line":1,"column":28}},"type":"default-arg","locations":[{"start":{"line":1,"column":26},"end":{"line":1,"column":28}}],"line":1},"1":{"loc":{"start":{"line":1,"column":30},"end":{"line":1,"column":51}},"type":"default-arg","locations":[{"start":{"line":1,"column":37},"end":{"line":1,"column":51}}],"line":1}},"s":{"0":1,"1":2,"2":8,"3":8,"4":8,"5":14,"6":8},"f":{"0":8,"1":2},"b":{"0":[1],"1":[2]},"_coverageSchema":"1a1c01bbd47fc00a2c39e90264f33305004495a9","hash":"2321b066db2aebeff755a818d350c0eaafe13931"}
}
